apps/anime.py:26: unused import 'joblib' (90% confidence)
apps/anime.py:35: unused import 'matrix_to_euler_angles' (90% confidence)
apps/anime.py:103: unreachable 'else' block (100% confidence)
apps/run.py:34: unsatisfiable 'if' condition (100% confidence)
archive/anime.py:33: unused import 'matrix_to_euler_angles' (90% confidence)
archive/anime.py:101: unreachable 'else' block (100% confidence)
archive/load_two_diffusion_models.py:4: unused import 'export_to_video' (90% confidence)
archive/test_videos.py:4: unused import 'export_to_video' (90% confidence)
generate.py:1: unused variable 'model_changes' (60% confidence)
lib/dlmesh.py:16: unused import 'save_obj_mesh' (90% confidence)
lib/dlmesh.py:19: unused import 'smplx_remesh_mask' (90% confidence)
lib/dlmesh.py:34: unused function 'sinusoidal_embedding' (60% confidence)
lib/dlmesh.py:114: unsatisfiable 'if' condition (100% confidence)
lib/dlmesh.py:180: unsatisfiable 'if' condition (100% confidence)
lib/dlmesh.py:260: unsatisfiable 'if' condition (100% confidence)
lib/dlmesh.py:323: unused attribute 'intermediate' (60% confidence)
lib/dlmesh.py:524: unsatisfiable 'if' condition (100% confidence)
lib/dlmesh.py:561: unused attribute 'rich_params' (60% confidence)
lib/dlmesh.py:609: unreachable 'else' block (100% confidence)
lib/dlmesh.py:690: unsatisfiable 'if' condition (100% confidence)
lib/dlmesh.py:730: unused variable 'left_eye_pose' (60% confidence)
lib/dlmesh.py:731: unused variable 'right_eye_pose' (60% confidence)
lib/dlmesh.py:799: unused variable 'left_eye_pose' (60% confidence)
lib/dlmesh.py:800: unused variable 'right_eye_pose' (60% confidence)
lib/dlmesh.py:810: unused variable 'left_eye_pose' (60% confidence)
lib/dlmesh.py:811: unused variable 'right_eye_pose' (60% confidence)
lib/dlmesh.py:819: unused variable 'left_eye_pose' (60% confidence)
lib/dlmesh.py:820: unused variable 'right_eye_pose' (60% confidence)
lib/dlmesh.py:921: unused method 'get_mediapipe_landmarks' (60% confidence)
lib/dlmesh.py:1043: unused variable 'bg_interp' (60% confidence)
lib/dlmesh.py:1044: unused variable 'texture_interp' (60% confidence)
lib/dpt.py:194: unused variable 'out_feat' (60% confidence)
lib/dpt.py:340: unused function '_make_pretrained_deitb16_384' (60% confidence)
lib/dpt.py:349: unused function '_make_pretrained_deitb16_distil_384' (60% confidence)
lib/freqencoder/freq.py:6: unused import 'once_differentiable' (90% confidence)
lib/geometry.py:5: unused function 'aa_to_rotmat' (60% confidence)
lib/geometry.py:47: unused function 'rot6d_to_rotmat' (60% confidence)
lib/geometry.py:65: unused function 'rotmat_to_rot6d' (60% confidence)
lib/geometry.py:86: unused function 'perspective_projection' (60% confidence)
lib/gridencoder/grid.py:6: unused import 'once_differentiable' (90% confidence)
lib/gridencoder/grid.py:131: unused attribute 'n_params' (60% confidence)
lib/guidance/clip.py:24: unused attribute 'clip_preprocess' (60% confidence)
lib/guidance/clip.py:32: unused attribute 'augment_transform' (60% confidence)
lib/guidance/deepfloyd.py:2: unused import 'DDPMScheduler' (90% confidence)
lib/guidance/deepfloyd.py:14: unused class 'SpecifyGradient' (60% confidence)
lib/guidance/deepfloyd.py:54: unused variable 'is_torch2' (60% confidence)
lib/guidance/modelscope.py:4: unused import 'PNDMScheduler' (90% confidence)
lib/guidance/modelscope.py:4: unused import 'UNet2DConditionModel' (90% confidence)
lib/guidance/modelscope.py:17: unused class 'SpecifyGradient' (60% confidence)
lib/guidance/modelscope.py:36: unused attribute 'benchmark' (60% confidence)
lib/guidance/modelscope.py:169: unsatisfiable 'if' condition (100% confidence)
lib/guidance/naive_guidance.py:4: unused import 'PNDMScheduler' (90% confidence)
lib/guidance/naive_guidance.py:4: unused import 'UNet2DConditionModel' (90% confidence)
lib/guidance/naive_guidance.py:19: unused class 'SpecifyGradient' (60% confidence)
lib/guidance/no_guidance.py:4: unused import 'PNDMScheduler' (90% confidence)
lib/guidance/no_guidance.py:4: unused import 'UNet2DConditionModel' (90% confidence)
lib/guidance/no_guidance.py:17: unused class 'SpecifyGradient' (60% confidence)
lib/guidance/no_guidance.py:331: unused variable 'vid' (60% confidence)
lib/guidance/perpneg_utils.py:18: unused function 'weighted_perpendicular_aggregator' (60% confidence)
lib/guidance/perpneg_utils.py:52: unused function 'adjust_text_embeddings' (60% confidence)
lib/guidance/sd.py:4: unused import 'PNDMScheduler' (90% confidence)
lib/guidance/sd.py:4: unused import 'StableDiffusionPipeline' (90% confidence)
lib/guidance/sd.py:4: unused import 'UNet2DConditionModel' (90% confidence)
lib/guidance/sd.py:26: unused class 'SpecifyGradient' (60% confidence)
lib/guidance/sd.py:47: unused attribute 'benchmark' (60% confidence)
lib/guidance/video_crafter.py:5: unused import 'PNDMScheduler' (90% confidence)
lib/guidance/video_crafter.py:5: unused import 'UNet2DConditionModel' (90% confidence)
lib/guidance/video_crafter.py:26: unused class 'SpecifyGradient' (60% confidence)
lib/guidance/video_crafter.py:219: unsatisfiable 'if' condition (100% confidence)
lib/guidance/video_crafter.py:247: unsatisfiable 'if' condition (100% confidence)
lib/guidance/videocrafter/lvdm/basics.py:27: unused function 'scale_module' (60% confidence)
lib/guidance/videocrafter/lvdm/basics.py:90: unused class 'HybridConditioner' (60% confidence)
lib/guidance/videocrafter/lvdm/common.py:8: unused function 'gather_data' (60% confidence)
lib/guidance/videocrafter/lvdm/common.py:48: unused function 'uniq' (60% confidence)
lib/guidance/videocrafter/lvdm/common.py:51: unused function 'mean_flat' (60% confidence)
lib/guidance/videocrafter/lvdm/common.py:57: unused function 'ismap' (60% confidence)
lib/guidance/videocrafter/lvdm/common.py:62: unused function 'isimage' (60% confidence)
lib/guidance/videocrafter/lvdm/common.py:70: unused function 'shape_to_str' (60% confidence)
lib/guidance/videocrafter/lvdm/distributions.py:13: unused class 'DiracDistribution' (60% confidence)
lib/guidance/videocrafter/lvdm/distributions.py:56: unused method 'nll' (60% confidence)
lib/guidance/videocrafter/lvdm/distributions.py:68: unused function 'normal_kl' (60% confidence)
lib/guidance/videocrafter/lvdm/models/autoencoder.py:76: unused attribute 'eval_metrics' (60% confidence)
lib/guidance/videocrafter/lvdm/models/autoencoder.py:77: unused attribute 'decodes' (60% confidence)
lib/guidance/videocrafter/lvdm/models/autoencoder.py:78: unused attribute 'save_decode_samples' (60% confidence)
lib/guidance/videocrafter/lvdm/models/autoencoder.py:128: unused method 'training_step' (60% confidence)
lib/guidance/videocrafter/lvdm/models/autoencoder.py:149: unused method 'validation_step' (60% confidence)
lib/guidance/videocrafter/lvdm/models/autoencoder.py:163: unused method 'configure_optimizers' (60% confidence)
lib/guidance/videocrafter/lvdm/models/autoencoder.py:177: unused method 'log_images' (60% confidence)
lib/guidance/videocrafter/lvdm/models/autoencoder.py:202: unused class 'IdentityFirstStage' (60% confidence)
lib/guidance/videocrafter/lvdm/models/ddpm3d.py:200: unused method 'q_mean_variance' (60% confidence)
lib/guidance/videocrafter/lvdm/models/ddpm3d.py:288: unused method 'log_images' (60% confidence)
lib/guidance/videocrafter/lvdm/models/ddpm3d.py:379: unused attribute 'num_downs' (60% confidence)
lib/guidance/videocrafter/lvdm/models/ddpm3d.py:381: unused attribute 'num_downs' (60% confidence)
lib/guidance/videocrafter/lvdm/models/ddpm3d.py:396: unused attribute 'classifier_free_guidance' (60% confidence)
lib/guidance/videocrafter/lvdm/models/ddpm3d.py:401: unused attribute 'restarted_from_ckpt' (60% confidence)
lib/guidance/videocrafter/lvdm/models/ddpm3d.py:404: unused attribute 'restarted_from_ckpt' (60% confidence)
lib/guidance/videocrafter/lvdm/models/ddpm3d.py:407: unused method 'make_cond_schedule' (60% confidence)
lib/guidance/videocrafter/lvdm/models/ddpm3d.py:423: unused method '_freeze_model' (60% confidence)
lib/guidance/videocrafter/lvdm/models/ddpm3d.py:484: unused method 'encode_first_stage_2DAE' (60% confidence)
lib/guidance/videocrafter/lvdm/models/ddpm3d.py:529: unused method '_get_denoise_row_from_list' (60% confidence)
lib/guidance/videocrafter/lvdm/models/ddpm3d.py:660: unused class 'LatentVisualDiffusion' (60% confidence)
lib/guidance/videocrafter/lvdm/models/samplers/ddim.py:14: unused attribute 'counter' (60% confidence)
lib/guidance/videocrafter/lvdm/models/samplers/ddim.py:69: unused variable 'normals_sequence' (100% confidence)
lib/guidance/videocrafter/lvdm/models/samplers/ddim.py:294: unused method 'stochastic_encode' (60% confidence)
lib/guidance/videocrafter/lvdm/models/utils_diffusion.py:88: unused function 'betas_for_alpha_bar' (60% confidence)
lib/guidance/videocrafter/lvdm/modules/attention.py:425: unused class 'SpatialSelfAttention' (60% confidence)
lib/guidance/videocrafter/lvdm/modules/encoders/condition.py:18: unused class 'IdentityEncoder' (60% confidence)
lib/guidance/videocrafter/lvdm/modules/encoders/condition.py:24: unused class 'ClassEmbedder' (60% confidence)
lib/guidance/videocrafter/lvdm/modules/encoders/condition.py:44: unused method 'get_unconditional_conditioning' (60% confidence)
lib/guidance/videocrafter/lvdm/modules/encoders/condition.py:136: unused class 'ClipImageEmbedder' (60% confidence)
lib/guidance/videocrafter/lvdm/modules/encoders/condition.py:174: unused class 'FrozenOpenCLIPEmbedder' (60% confidence)
lib/guidance/videocrafter/lvdm/modules/encoders/condition.py:238: unused class 'FrozenOpenCLIPImageEmbedder' (60% confidence)
lib/guidance/videocrafter/lvdm/modules/encoders/condition.py:258: unreachable code after 'raise' (100% confidence)
lib/guidance/videocrafter/lvdm/modules/encoders/condition.py:298: unused class 'FrozenOpenCLIPImageEmbedderV2' (60% confidence)
lib/guidance/videocrafter/lvdm/modules/encoders/condition.py:317: unreachable code after 'raise' (100% confidence)
lib/guidance/videocrafter/lvdm/modules/encoders/condition.py:377: unused class 'FrozenCLIPT5Encoder' (60% confidence)
lib/guidance/videocrafter/lvdm/modules/networks/ae_modules.py:212: unused class 'Model' (60% confidence)
lib/guidance/videocrafter/lvdm/modules/networks/ae_modules.py:368: unused variable 'ignore_kwargs' (100% confidence)
lib/guidance/videocrafter/lvdm/modules/networks/ae_modules.py:470: unused variable 'ignorekwargs' (100% confidence)
lib/guidance/videocrafter/lvdm/modules/networks/ae_modules.py:541: unused attribute 'last_z_shape' (60% confidence)
lib/guidance/videocrafter/lvdm/modules/networks/ae_modules.py:581: unused class 'SimpleDecoder' (60% confidence)
lib/guidance/videocrafter/lvdm/modules/networks/ae_modules.py:617: unused class 'UpsampleDecoder' (60% confidence)
lib/guidance/videocrafter/lvdm/modules/networks/ae_modules.py:702: unused class 'MergedRescaleEncoder' (60% confidence)
lib/guidance/videocrafter/lvdm/modules/networks/ae_modules.py:721: unused class 'MergedRescaleDecoder' (60% confidence)
lib/guidance/videocrafter/lvdm/modules/networks/ae_modules.py:738: unused class 'Upsampler' (60% confidence)
lib/guidance/videocrafter/lvdm/modules/networks/ae_modules.py:765: unreachable code after 'raise' (100% confidence)
lib/guidance/videocrafter/lvdm/modules/networks/ae_modules.py:780: unused class 'FirstStagePostProcessor' (60% confidence)
lib/guidance/videocrafter/lvdm/modules/x_transformer.py:87: unused function 'pick_and_pop' (60% confidence)
lib/guidance/videocrafter/lvdm/modules/x_transformer.py:105: unused function 'group_by_key_prefix' (60% confidence)
lib/guidance/videocrafter/lvdm/modules/x_transformer.py:264: unused attribute 'attn_on_attn' (60% confidence)
lib/guidance/videocrafter/lvdm/modules/x_transformer.py:406: unused attribute 'rotary_pos_emb' (60% confidence)
lib/guidance/videocrafter/lvdm/modules/x_transformer.py:547: unused class 'TransformerWrapper' (60% confidence)
lib/guidance/videocrafter/predict.py:26: unused class 'Predictor' (60% confidence)
lib/guidance/videocrafter/predict.py:49: unused method 'predict' (60% confidence)
lib/guidance/videocrafter/scripts/evaluation/ddp_wrapper.py:34: unused variable 'unknown' (60% confidence)
lib/guidance/videocrafter/scripts/evaluation/ddp_wrapper.py:38: unused variable 'unknown' (60% confidence)
lib/guidance/videocrafter/scripts/evaluation/ddp_wrapper.py:42: unused attribute 'benchmark' (60% confidence)
lib/guidance/videocrafter/scripts/evaluation/funcs.py:76: unused function 'get_dirlist' (60% confidence)
lib/guidance/videocrafter/scripts/evaluation/funcs.py:118: unused function 'load_video_batch' (60% confidence)
lib/guidance/videocrafter/scripts/evaluation/inference.py:6: unused import 'trange' (90% confidence)
lib/guidance/videocrafter/utils/utils.py:15: unused function 'check_istarget' (60% confidence)
lib/guidance/videocrafter/utils/utils.py:45: unused function 'load_npz_from_dir' (60% confidence)
lib/guidance/videocrafter/utils/utils.py:51: unused function 'load_npz_from_paths' (60% confidence)
lib/guidance/videocrafter/utils/utils.py:57: unused function 'resize_numpy_image' (60% confidence)
lib/guidance/zeroscope.py:4: unused import 'PNDMScheduler' (90% confidence)
lib/guidance/zeroscope.py:4: unused import 'UNet2DConditionModel' (90% confidence)
lib/guidance/zeroscope.py:18: unused class 'SpecifyGradient' (60% confidence)
lib/guidance/zeroscope.py:96: unused attribute 'vae_scale_factor' (60% confidence)
lib/guidance/zeroscope.py:175: unsatisfiable 'if' condition (100% confidence)
lib/guidance/zeroscope.py:396: unused variable 'vid' (60% confidence)
lib/mlptexture.py:28: unused variable 'grad_o' (100% confidence)
lib/mlptexture.py:87: unused method 'cleanup' (60% confidence)
lib/provider.py:8: unused import 'Slerp' (90% confidence)
lib/provider.py:21: unused function '_get_view_direction' (60% confidence)
lib/provider.py:21: unused variable 'overhead' (100% confidence)
lib/provider.py:53: unused variable 'overhead' (100% confidence)
lib/provider.py:85: unused function 'rand_poses' (60% confidence)
lib/provider.py:336: unused method 'modify_commandline_options' (60% confidence)
lib/provider.py:340: unused method 'test_camera' (60% confidence)
lib/provider.py:387: unused variable 'ref_azimuths' (60% confidence)
lib/provider.py:387: unused variable 'ref_polars' (60% confidence)
lib/provider.py:387: unused variable 'ref_radii' (60% confidence)
lib/provider.py:389: unused variable 'ref_radii' (60% confidence)
lib/provider.py:390: unused variable 'ref_polars' (60% confidence)
lib/provider.py:391: unused variable 'ref_azimuths' (60% confidence)
lib/provider.py:453: unsatisfiable 'if' condition (100% confidence)
lib/rotation_conversions.py:193: unused function 'euler_angles_to_matrix' (60% confidence)
lib/rotation_conversions.py:265: unused function 'matrix_to_euler_angles' (60% confidence)
lib/rotation_conversions.py:350: unused function 'random_rotation' (60% confidence)
lib/rotation_conversions.py:403: unused function 'quaternion_multiply' (60% confidence)
lib/rotation_conversions.py:437: unused function 'quaternion_apply' (60% confidence)
lib/superresolution.py:22: unused import 'AFSynthesisLayer' (90% confidence)
lib/superresolution.py:28: unused class 'SuperresolutionHybrid8X' (60% confidence)
lib/superresolution.py:31: unused variable 'channel_base' (100% confidence)
lib/superresolution.py:31: unused variable 'channel_max' (100% confidence)
lib/superresolution.py:31: unused variable 'num_fp16_res' (100% confidence)
lib/superresolution.py:64: unused class 'SuperresolutionHybrid4X' (60% confidence)
lib/superresolution.py:67: unused variable 'channel_base' (100% confidence)
lib/superresolution.py:67: unused variable 'channel_max' (100% confidence)
lib/superresolution.py:67: unused variable 'num_fp16_res' (100% confidence)
lib/superresolution.py:99: unused class 'SuperresolutionHybrid2X' (60% confidence)
lib/superresolution.py:102: unused variable 'channel_base' (100% confidence)
lib/superresolution.py:102: unused variable 'channel_max' (100% confidence)
lib/superresolution.py:102: unused variable 'num_fp16_res' (100% confidence)
lib/superresolution.py:135: unused class 'SuperresolutionHybridDeepfp32' (60% confidence)
lib/superresolution.py:138: unused variable 'channel_base' (100% confidence)
lib/superresolution.py:138: unused variable 'channel_max' (100% confidence)
lib/superresolution.py:138: unused variable 'num_fp16_res' (100% confidence)
lib/superresolution.py:276: unused class 'SuperresolutionHybrid8XDC' (60% confidence)
lib/trainer.py:97: unused attribute 'console' (60% confidence)
lib/trainer.py:194: redundant if-condition (100% confidence)
lib/trainer.py:312: unused variable 'is_full_body' (100% confidence)
lib/trainer.py:367: unused variable 'normal_annel' (60% confidence)
lib/trainer.py:368: unused variable 'alpha_annel' (60% confidence)
lib/trainer.py:472: unsatisfiable 'if' condition (100% confidence)
lib/trainer.py:717: unsatisfiable 'if' condition (100% confidence)
lib/trainer.py:766: unused method 'evaluate' (60% confidence)
lib/trainer.py:1126: unsatisfiable 'if' condition (100% confidence)
lib/trainer.py:1195: redundant if-condition (100% confidence)
